start BOF procedures EOF
BOF BOF
procedures procedure procedures
procedure INT ID LPAREN params RPAREN LBRACE dcls statements RETURN expr SEMI RBRACE
INT int
ID p
LPAREN (
params .EMPTY
RPAREN )
LBRACE {
dcls .EMPTY
statements .EMPTY
RETURN return
expr term : int
term factor : int
factor NUM : int
NUM 241 : int
SEMI ;
RBRACE }
procedures procedure procedures
procedure INT ID LPAREN params RPAREN LBRACE dcls statements RETURN expr SEMI RBRACE
INT int
ID q
LPAREN (
params .EMPTY
RPAREN )
LBRACE {
dcls .EMPTY
statements .EMPTY
RETURN return
expr term : int
term factor : int
factor ID LPAREN RPAREN : int
ID p
LPAREN (
RPAREN )
SEMI ;
RBRACE }
procedures procedure procedures
procedure INT ID LPAREN params RPAREN LBRACE dcls statements RETURN expr SEMI RBRACE
INT int
ID r
LPAREN (
params .EMPTY
RPAREN )
LBRACE {
dcls .EMPTY
statements .EMPTY
RETURN return
expr term : int
term factor : int
factor ID LPAREN RPAREN : int
ID q
LPAREN (
RPAREN )
SEMI ;
RBRACE }
procedures main
main INT WAIN LPAREN dcl COMMA dcl RPAREN LBRACE dcls statements RETURN expr SEMI RBRACE
INT int
WAIN wain
LPAREN (
dcl type ID
type INT
INT int
ID a : int
COMMA ,
dcl type ID
type INT
INT int
ID b : int
RPAREN )
LBRACE {
dcls .EMPTY
statements .EMPTY
RETURN return
expr term : int
term factor : int
factor ID LPAREN RPAREN : int
ID r
LPAREN (
RPAREN )
SEMI ;
RBRACE }
EOF EOF
