start BOF procedures EOF
BOF BOF
procedures procedure procedures
procedure INT ID LPAREN params RPAREN LBRACE dcls statements RETURN expr SEMI RBRACE
INT int
ID p
LPAREN (
params .EMPTY
RPAREN )
LBRACE {
dcls .EMPTY
statements .EMPTY
RETURN return
expr term : int
term factor : int
factor NUM : int
NUM 200 : int
SEMI ;
RBRACE }
procedures procedure procedures
procedure INT ID LPAREN params RPAREN LBRACE dcls statements RETURN expr SEMI RBRACE
INT int
ID q
LPAREN (
params .EMPTY
RPAREN )
LBRACE {
dcls .EMPTY
statements .EMPTY
RETURN return
expr term : int
term factor : int
factor NUM : int
NUM 40 : int
SEMI ;
RBRACE }
procedures procedure procedures
procedure INT ID LPAREN params RPAREN LBRACE dcls statements RETURN expr SEMI RBRACE
INT int
ID r
LPAREN (
params .EMPTY
RPAREN )
LBRACE {
dcls .EMPTY
statements .EMPTY
RETURN return
expr term : int
term factor : int
factor NUM : int
NUM 1 : int
SEMI ;
RBRACE }
procedures procedure procedures
procedure INT ID LPAREN params RPAREN LBRACE dcls statements RETURN expr SEMI RBRACE
INT int
ID one
LPAREN (
params paramlist
paramlist dcl
dcl type ID
type INT
INT int
ID n : int
RPAREN )
LBRACE {
dcls .EMPTY
statements .EMPTY
RETURN return
expr term : int
term factor : int
factor NUM : int
NUM 1 : int
SEMI ;
RBRACE }
procedures procedure procedures
procedure INT ID LPAREN params RPAREN LBRACE dcls statements RETURN expr SEMI RBRACE
INT int
ID two
LPAREN (
params paramlist
paramlist dcl COMMA paramlist
dcl type ID
type INT
INT int
ID d1 : int
COMMA ,
paramlist dcl
dcl type ID
type INT
INT int
ID d2 : int
RPAREN )
LBRACE {
dcls .EMPTY
statements .EMPTY
RETURN return
expr term : int
term factor : int
factor NUM : int
NUM 2 : int
SEMI ;
RBRACE }
procedures procedure procedures
procedure INT ID LPAREN params RPAREN LBRACE dcls statements RETURN expr SEMI RBRACE
INT int
ID three
LPAREN (
params paramlist
paramlist dcl COMMA paramlist
dcl type ID
type INT
INT int
ID a : int
COMMA ,
paramlist dcl COMMA paramlist
dcl type ID
type INT
INT int
ID b : int
COMMA ,
paramlist dcl
dcl type ID
type INT
INT int
ID c : int
RPAREN )
LBRACE {
dcls .EMPTY
statements .EMPTY
RETURN return
expr term : int
term factor : int
factor NUM : int
NUM 3 : int
SEMI ;
RBRACE }
procedures main
main INT WAIN LPAREN dcl COMMA dcl RPAREN LBRACE dcls statements RETURN expr SEMI RBRACE
INT int
WAIN wain
LPAREN (
dcl type ID
type INT
INT int
ID a : int
COMMA ,
dcl type ID
type INT
INT int
ID b : int
RPAREN )
LBRACE {
dcls .EMPTY
statements .EMPTY
RETURN return
expr term : int
term factor : int
factor ID LPAREN arglist RPAREN : int
ID two
LPAREN (
arglist expr COMMA arglist
expr term : int
term factor : int
factor ID LPAREN arglist RPAREN : int
ID three
LPAREN (
arglist expr COMMA arglist
expr term : int
term factor : int
factor ID LPAREN RPAREN : int
ID p
LPAREN (
RPAREN )
COMMA ,
arglist expr COMMA arglist
expr term : int
term factor : int
factor ID LPAREN arglist RPAREN : int
ID one
LPAREN (
arglist expr
expr term : int
term factor : int
factor ID LPAREN RPAREN : int
ID q
LPAREN (
RPAREN )
RPAREN )
COMMA ,
arglist expr
expr term : int
term factor : int
factor ID LPAREN RPAREN : int
ID r
LPAREN (
RPAREN )
RPAREN )
COMMA ,
arglist expr
expr term : int
term factor : int
factor NUM : int
NUM 0 : int
RPAREN )
SEMI ;
RBRACE }
EOF EOF
