start BOF procedures EOF
BOF BOF
procedures main
main INT WAIN LPAREN dcl COMMA dcl RPAREN LBRACE dcls statements RETURN expr SEMI RBRACE
INT int
WAIN wain
LPAREN (
dcl type ID
type INT STAR
INT int
STAR *
ID b : int*
COMMA ,
dcl type ID
type INT
INT int
ID a : int
RPAREN )
LBRACE {
dcls .EMPTY
statements .EMPTY
RETURN return
expr term : int
term factor : int
factor LPAREN expr RPAREN : int
LPAREN (
expr term : int
term factor : int
factor LPAREN expr RPAREN : int
LPAREN (
expr term : int
term factor : int
factor NUM : int
NUM 241 : int
RPAREN )
RPAREN )
SEMI ;
RBRACE }
EOF EOF
