start BOF procedures EOF
BOF BOF
procedures main
main INT WAIN LPAREN dcl COMMA dcl RPAREN LBRACE dcls statements RETURN expr SEMI RBRACE
INT int
WAIN wain
LPAREN (
dcl type ID
type INT STAR
INT int
STAR *
ID a : int*
COMMA ,
dcl type ID
type INT
INT int
ID b : int
RPAREN )
LBRACE {
dcls .EMPTY
statements statements statement
statements statements statement
statements statements statement
statements statements statement
statements .EMPTY
statement lvalue BECOMES expr SEMI
lvalue ID : int*
ID a : int*
BECOMES =
expr term : int*
term factor : int*
factor NULL : int*
NULL NULL : int*
SEMI ;
statement lvalue BECOMES expr SEMI
lvalue ID : int
ID b : int
BECOMES =
expr term : int
term factor : int
factor NUM : int
NUM 241 : int
SEMI ;
statement PRINTLN LPAREN expr RPAREN SEMI
PRINTLN println
LPAREN (
expr term : int
term factor : int
factor ID : int
ID b : int
RPAREN )
SEMI ;
statement DELETE LBRACK RBRACK expr SEMI
DELETE delete
LBRACK [
RBRACK ]
expr term : int*
term factor : int*
factor ID : int*
ID a : int*
SEMI ;
RETURN return
expr term : int
term factor : int
factor NUM : int
NUM 0 : int
SEMI ;
RBRACE }
EOF EOF
