start BOF procedures EOF
BOF BOF
procedures main
main INT WAIN LPAREN dcl COMMA dcl RPAREN LBRACE dcls statements RETURN expr SEMI RBRACE
INT int
WAIN wain
LPAREN (
dcl type ID
type INT
INT int
ID a : int
COMMA ,
dcl type ID
type INT
INT int
ID b : int
RPAREN )
LBRACE {
dcls .EMPTY
statements .EMPTY
RETURN return
expr term : int
term factor : int
factor STAR factor : int
STAR *
factor LPAREN expr RPAREN : int*
LPAREN (
expr term : int*
term factor : int*
factor NEW INT LBRACK expr RBRACK : int*
NEW new
INT int
LBRACK [
expr term : int
term factor : int
factor ID : int
ID b : int
RBRACK ]
RPAREN )
SEMI ;
RBRACE }
EOF EOF
