start BOF procedures EOF
BOF BOF
procedures main
main INT WAIN LPAREN dcl COMMA dcl RPAREN LBRACE dcls statements RETURN expr SEMI RBRACE
INT int
WAIN wain
LPAREN (
dcl type ID
type INT
INT int
ID a : int
COMMA ,
dcl type ID
type INT
INT int
ID b : int
RPAREN )
LBRACE {
dcls .EMPTY
statements .EMPTY
RETURN return
expr term : int
term factor : int
factor STAR factor : int
STAR *
factor AMP lvalue : int*
AMP &
lvalue LPAREN lvalue RPAREN : int
LPAREN (
lvalue STAR factor : int
STAR *
factor AMP lvalue : int*
AMP &
lvalue ID : int
ID b : int
RPAREN )
SEMI ;
RBRACE }
EOF EOF
